mode: set
github.com/Azure/eraser/eraser.go:35.117,37.16 2 0
github.com/Azure/eraser/eraser.go:40.2,40.30 1 0
github.com/Azure/eraser/eraser.go:44.2,44.24 1 0
github.com/Azure/eraser/eraser.go:37.16,39.3 1 0
github.com/Azure/eraser/eraser.go:40.30,42.3 1 0
github.com/Azure/eraser/eraser.go:47.63,49.2 1 0
github.com/Azure/eraser/eraser.go:51.124,52.81 1 0
github.com/Azure/eraser/eraser.go:59.2,59.28 1 0
github.com/Azure/eraser/eraser.go:52.81,55.17 3 0
github.com/Azure/eraser/eraser.go:55.17,57.4 1 0
github.com/Azure/eraser/eraser.go:62.61,64.16 2 1
github.com/Azure/eraser/eraser.go:68.2,68.18 1 1
github.com/Azure/eraser/eraser.go:64.16,66.3 1 0
github.com/Azure/eraser/eraser.go:69.14,70.29 1 1
github.com/Azure/eraser/eraser.go:72.10,73.79 1 1
github.com/Azure/eraser/eraser.go:75.10,76.79 1 1
github.com/Azure/eraser/eraser.go:80.91,82.16 2 0
github.com/Azure/eraser/eraser.go:86.2,88.16 2 0
github.com/Azure/eraser/eraser.go:92.2,94.31 2 0
github.com/Azure/eraser/eraser.go:82.16,84.3 1 0
github.com/Azure/eraser/eraser.go:88.16,90.3 1 0
github.com/Azure/eraser/eraser.go:97.123,101.16 3 0
github.com/Azure/eraser/eraser.go:105.2,105.18 1 0
github.com/Azure/eraser/eraser.go:101.16,103.3 1 0
github.com/Azure/eraser/eraser.go:108.125,109.17 1 0
github.com/Azure/eraser/eraser.go:113.2,116.16 3 0
github.com/Azure/eraser/eraser.go:120.2,120.18 1 0
github.com/Azure/eraser/eraser.go:109.17,111.3 1 0
github.com/Azure/eraser/eraser.go:116.16,118.3 1 0
github.com/Azure/eraser/eraser.go:123.48,124.26 1 0
github.com/Azure/eraser/eraser.go:129.2,129.14 1 0
github.com/Azure/eraser/eraser.go:124.26,125.15 1 0
github.com/Azure/eraser/eraser.go:125.15,127.4 1 0
github.com/Azure/eraser/eraser.go:132.43,138.16 4 0
github.com/Azure/eraser/eraser.go:142.2,143.16 2 0
github.com/Azure/eraser/eraser.go:147.2,151.31 3 0
github.com/Azure/eraser/eraser.go:156.2,157.16 2 0
github.com/Azure/eraser/eraser.go:161.2,163.48 2 0
github.com/Azure/eraser/eraser.go:168.2,170.32 2 0
github.com/Azure/eraser/eraser.go:178.2,179.16 2 0
github.com/Azure/eraser/eraser.go:182.2,191.39 5 0
github.com/Azure/eraser/eraser.go:210.2,210.12 1 0
github.com/Azure/eraser/eraser.go:138.16,140.3 1 0
github.com/Azure/eraser/eraser.go:143.16,145.3 1 0
github.com/Azure/eraser/eraser.go:151.31,154.3 2 0
github.com/Azure/eraser/eraser.go:157.16,159.3 1 0
github.com/Azure/eraser/eraser.go:163.48,166.3 2 0
github.com/Azure/eraser/eraser.go:170.32,171.36 1 0
github.com/Azure/eraser/eraser.go:171.36,173.4 1 0
github.com/Azure/eraser/eraser.go:179.16,181.3 1 0
github.com/Azure/eraser/eraser.go:191.39,193.38 1 0
github.com/Azure/eraser/eraser.go:200.3,200.20 1 0
github.com/Azure/eraser/eraser.go:193.38,195.18 2 0
github.com/Azure/eraser/eraser.go:195.18,197.5 1 0
github.com/Azure/eraser/eraser.go:200.20,201.45 1 0
github.com/Azure/eraser/eraser.go:201.45,203.19 2 0
github.com/Azure/eraser/eraser.go:203.19,205.6 1 0
github.com/Azure/eraser/eraser.go:213.13,218.16 2 0
github.com/Azure/eraser/eraser.go:218.16,221.3 2 0
